2025-04-09 22:39:14,593 - __main__ - INFO - Успешное подключение к базе данных
2025-04-09 22:39:14,596 - __main__ - INFO - Таблицы успешно созданы/проверены
2025-04-09 22:39:14,961 - __main__ - INFO - Сохранена статья: Неизвестный заголовок
2025-04-09 22:39:15,181 - __main__ - INFO - Сохранена статья: Неизвестный заголовок
2025-04-09 22:39:15,324 - __main__ - INFO - Сохранена статья: R
R
f
f
2
2
2025-04-09 22:39:15,456 - __main__ - INFO - Сохранена статья: Неизвестный заголовок
2025-04-09 22:39:16,063 - __main__ - INFO - Сохранена статья: Agglomerative
2025-04-09 22:39:16,251 - __main__ - INFO - Сохранена статья: Неизвестный заголовок
2025-04-09 22:39:16,589 - __main__ - INFO - Сохранена статья: Неизвестный заголовок
2025-04-09 22:39:16,961 - __main__ - INFO - Сохранена статья: Embedding
2025-04-09 22:39:17,338 - __main__ - INFO - Сохранена статья: Whisper NeMo
2025-04-09 22:39:17,753 - __main__ - INFO - Сохранена статья: Positive Negative
2025-04-09 22:39:18,108 - __main__ - INFO - Сохранена статья: Неизвестный заголовок
2025-04-09 22:39:18,365 - __main__ - INFO - Сохранена статья: Неизвестный заголовок
2025-04-09 22:39:18,997 - __main__ - INFO - Сохранена статья: Неизвестный заголовок
2025-04-09 22:39:19,306 - __main__ - INFO - Сохранена статья: Aggressive, kNN, Random forest, L2 penalty LinearSVC, L1 penalty SGDClassifier, Elastic-Net
2025-04-09 22:39:19,620 - __main__ - INFO - Сохранена статья: D
A
i
c
c
c
e
2025-04-09 22:39:19,983 - __main__ - INFO - Сохранена статья: Generative Adversarial
2025-04-09 22:39:20,183 - __main__ - INFO - Сохранена статья: Неизвестный заголовок
2025-04-09 22:39:20,367 - __main__ - INFO - Сохранена статья: ROUGE-1 ROUGE-2 ROUGE-L BERTScore
2025-04-09 22:39:20,704 - __main__ - INFO - Сохранена статья: Неизвестный заголовок
2025-04-09 22:39:20,999 - __main__ - INFO - Сохранена статья: Неизвестный заголовок
2025-04-09 22:39:21,294 - __main__ - INFO - Сохранена статья: Ting Dong Few-shot working condition recognition of a sucker-rod pumping system based on a 4-dimen-
2025-04-09 22:39:21,570 - __main__ - INFO - Сохранена статья: Неизвестный заголовок
2025-04-09 22:39:21,781 - __main__ - INFO - Сохранена статья: Неизвестный заголовок
2025-04-09 22:39:22,076 - __main__ - INFO - Сохранена статья: Неизвестный заголовок
2025-04-09 22:39:22,536 - __main__ - INFO - Сохранена статья: Неизвестный заголовок
2025-04-09 22:39:22,919 - __main__ - INFO - Сохранена статья: Неизвестный заголовок
2025-04-09 22:39:23,137 - __main__ - INFO - Сохранена статья: Неизвестный заголовок
2025-04-09 22:39:23,350 - __main__ - INFO - Сохранена статья: Неизвестный заголовок
2025-04-09 22:39:23,516 - __main__ - INFO - Сохранена статья: Неизвестный заголовок
2025-04-09 22:39:23,836 - __main__ - INFO - Сохранена статья: Неизвестный заголовок
2025-04-09 22:39:24,148 - __main__ - INFO - Сохранена статья: Неизвестный заголовок
2025-04-09 22:39:24,375 - __main__ - INFO - Сохранена статья: Неизвестный заголовок
2025-04-09 22:39:24,562 - __main__ - INFO - Сохранена статья: Неизвестный заголовок
2025-04-09 22:39:24,840 - __main__ - INFO - Сохранена статья: Неизвестный заголовок
2025-04-09 22:39:25,057 - __main__ - INFO - Сохранена статья: Неизвестный заголовок
2025-04-09 22:39:25,306 - __main__ - INFO - Сохранена статья: Неизвестный заголовок
2025-04-09 22:39:25,488 - __main__ - INFO - Сохранена статья: Неизвестный заголовок
2025-04-09 22:39:25,697 - __main__ - INFO - Сохранена статья: Неизвестный заголовок
2025-04-09 22:39:25,999 - __main__ - INFO - Сохранена статья: Неизвестный заголовок
2025-04-09 22:39:26,214 - __main__ - INFO - Сохранена статья: Неизвестный заголовок
2025-04-09 22:39:26,528 - __main__ - INFO - Сохранена статья: TF-IDF
2025-04-09 22:39:26,974 - __main__ - INFO - Сохранена статья: Неизвестный заголовок
2025-04-09 22:39:27,272 - __main__ - INFO - Сохранена статья: Неизвестный заголовок
